# JRE version: OpenJDK Runtime Environment (8.0_152-b01) (build 1.8.0_152-release-1248-b01)
# Java VM: OpenJDK 64-Bit Server VM (25.152-b01 mixed mode windows-amd64 compressed oops)
Heap:
 PSYoungGen      total 271872K, used 49968K [0x00000000e0000000, 0x00000000f3980000, 0x0000000100000000)
  eden space 237056K, 7% used [0x00000000e0000000,0x00000000e1199110,0x00000000ee780000)
  from space 34816K, 91% used [0x00000000f0e00000,0x00000000f2d330f0,0x00000000f3000000)
  to   space 39424K, 0% used [0x00000000ee780000,0x00000000ee780000,0x00000000f0e00000)
 ParOldGen       total 130560K, used 75404K [0x00000000a0000000, 0x00000000a7f80000, 0x00000000e0000000)
  object space 130560K, 57% used [0x00000000a0000000,0x00000000a49a32e0,0x00000000a7f80000)
 Metaspace       used 78978K, capacity 81548K, committed 81792K, reserved 1120256K
  class space    used 10303K, capacity 10851K, committed 10880K, reserved 1048576K
GC Heap History (10 events):
Event: 18.777 GC heap before
{Heap before GC invocations=17 (full 3):
 PSYoungGen      total 182784K, used 174482K [0x00000000e0000000, 0x00000000ed780000, 0x0000000100000000)
  eden space 167424K, 100% used [0x00000000e0000000,0x00000000ea380000,0x00000000ea380000)
  from space 15360K, 45% used [0x00000000ea380000,0x00000000eaa64bb8,0x00000000eb280000)
  to   space 14848K, 0% used [0x00000000ec900000,0x00000000ec900000,0x00000000ed780000)
 ParOldGen       total 130560K, used 31743K [0x00000000a0000000, 0x00000000a7f80000, 0x00000000e0000000)
  object space 130560K, 24% used [0x00000000a0000000,0x00000000a1effd10,0x00000000a7f80000)
 Metaspace       used 63750K, capacity 65254K, committed 65408K, reserved 1105920K
  class space    used 8446K, capacity 8820K, committed 8832K, reserved 1048576K
Event: 18.783 GC heap after
Heap after GC invocations=17 (full 3):
 PSYoungGen      total 198656K, used 6402K [0x00000000e0000000, 0x00000000ed400000, 0x0000000100000000)
  eden space 187392K, 0% used [0x00000000e0000000,0x00000000e0000000,0x00000000eb700000)
  from space 11264K, 56% used [0x00000000ec900000,0x00000000ecf40820,0x00000000ed400000)
  to   space 14848K, 0% used [0x00000000eb700000,0x00000000eb700000,0x00000000ec580000)
 ParOldGen       total 130560K, used 31751K [0x00000000a0000000, 0x00000000a7f80000, 0x00000000e0000000)
  object space 130560K, 24% used [0x00000000a0000000,0x00000000a1f01d10,0x00000000a7f80000)
 Metaspace       used 63750K, capacity 65254K, committed 65408K, reserved 1105920K
  class space    used 8446K, capacity 8820K, committed 8832K, reserved 1048576K
}
Event: 20.662 GC heap before
{Heap before GC invocations=18 (full 3):
 PSYoungGen      total 198656K, used 193794K [0x00000000e0000000, 0x00000000ed400000, 0x0000000100000000)
  eden space 187392K, 100% used [0x00000000e0000000,0x00000000eb700000,0x00000000eb700000)
  from space 11264K, 56% used [0x00000000ec900000,0x00000000ecf40820,0x00000000ed400000)
  to   space 14848K, 0% used [0x00000000eb700000,0x00000000eb700000,0x00000000ec580000)
 ParOldGen       total 130560K, used 31751K [0x00000000a0000000, 0x00000000a7f80000, 0x00000000e0000000)
  object space 130560K, 24% used [0x00000000a0000000,0x00000000a1f01d10,0x00000000a7f80000)
 Metaspace       used 67738K, capacity 69226K, committed 69504K, reserved 1110016K
  class space    used 8952K, capacity 9336K, committed 9344K, reserved 1048576K
Event: 20.677 GC heap after
Heap after GC invocations=18 (full 3):
 PSYoungGen      total 202240K, used 13084K [0x00000000e0000000, 0x00000000eeb80000, 0x0000000100000000)
  eden space 187392K, 0% used [0x00000000e0000000,0x00000000e0000000,0x00000000eb700000)
  from space 14848K, 88% used [0x00000000eb700000,0x00000000ec3c70c8,0x00000000ec580000)
  to   space 15872K, 0% used [0x00000000edc00000,0x00000000edc00000,0x00000000eeb80000)
 ParOldGen       total 130560K, used 31759K [0x00000000a0000000, 0x00000000a7f80000, 0x00000000e0000000)
  object space 130560K, 24% used [0x00000000a0000000,0x00000000a1f03d10,0x00000000a7f80000)
 Metaspace       used 67738K, capacity 69226K, committed 69504K, reserved 1110016K
  class space    used 8952K, capacity 9336K, committed 9344K, reserved 1048576K
}
Event: 25.098 GC heap before
{Heap before GC invocations=19 (full 3):
 PSYoungGen      total 202240K, used 200476K [0x00000000e0000000, 0x00000000eeb80000, 0x0000000100000000)
  eden space 187392K, 100% used [0x00000000e0000000,0x00000000eb700000,0x00000000eb700000)
  from space 14848K, 88% used [0x00000000eb700000,0x00000000ec3c70c8,0x00000000ec580000)
  to   space 15872K, 0% used [0x00000000edc00000,0x00000000edc00000,0x00000000eeb80000)
 ParOldGen       total 130560K, used 31763K [0x00000000a0000000, 0x00000000a7f80000, 0x00000000e0000000)
  object space 130560K, 24% used [0x00000000a0000000,0x00000000a1f04d20,0x00000000a7f80000)
 Metaspace       used 69763K, capacity 71370K, committed 71808K, reserved 1112064K
  class space    used 9108K, capacity 9496K, committed 9600K, reserved 1048576K
Event: 25.133 GC heap after
Heap after GC invocations=19 (full 3):
 PSYoungGen      total 222720K, used 15860K [0x00000000e0000000, 0x00000000ef080000, 0x0000000100000000)
  eden space 206848K, 0% used [0x00000000e0000000,0x00000000e0000000,0x00000000eca00000)
  from space 15872K, 99% used [0x00000000edc00000,0x00000000eeb7d0f8,0x00000000eeb80000)
  to   space 18432K, 0% used [0x00000000eca00000,0x00000000eca00000,0x00000000edc00000)
 ParOldGen       total 130560K, used 33496K [0x00000000a0000000, 0x00000000a7f80000, 0x00000000e0000000)
  object space 130560K, 25% used [0x00000000a0000000,0x00000000a20b6358,0x00000000a7f80000)
 Metaspace       used 69763K, capacity 71370K, committed 71808K, reserved 1112064K
  class space    used 9108K, capacity 9496K, committed 9600K, reserved 1048576K
}
Event: 26.864 GC heap before
{Heap before GC invocations=20 (full 3):
 PSYoungGen      total 222720K, used 222708K [0x00000000e0000000, 0x00000000ef080000, 0x0000000100000000)
  eden space 206848K, 100% used [0x00000000e0000000,0x00000000eca00000,0x00000000eca00000)
  from space 15872K, 99% used [0x00000000edc00000,0x00000000eeb7d0f8,0x00000000eeb80000)
  to   space 18432K, 0% used [0x00000000eca00000,0x00000000eca00000,0x00000000edc00000)
 ParOldGen       total 130560K, used 33504K [0x00000000a0000000, 0x00000000a7f80000, 0x00000000e0000000)
  object space 130560K, 25% used [0x00000000a0000000,0x00000000a20b83a8,0x00000000a7f80000)
 Metaspace       used 74849K, capacity 76850K, committed 77184K, reserved 1116160K
  class space    used 9786K, capacity 10248K, committed 10368K, reserved 1048576K
Event: 26.995 GC heap after
Heap after GC invocations=20 (full 3):
 PSYoungGen      total 225280K, used 18429K [0x00000000e0000000, 0x00000000f3000000, 0x0000000100000000)
  eden space 206848K, 0% used [0x00000000e0000000,0x00000000e0000000,0x00000000eca00000)
  from space 18432K, 99% used [0x00000000eca00000,0x00000000edbff6a8,0x00000000edc00000)
  to   space 34816K, 0% used [0x00000000f0e00000,0x00000000f0e00000,0x00000000f3000000)
 ParOldGen       total 130560K, used 70910K [0x00000000a0000000, 0x00000000a7f80000, 0x00000000e0000000)
  object space 130560K, 54% used [0x00000000a0000000,0x00000000a453fa00,0x00000000a7f80000)
 Metaspace       used 74849K, capacity 76850K, committed 77184K, reserved 1116160K
  class space    used 9786K, capacity 10248K, committed 10368K, reserved 1048576K
}
Event: 29.425 GC heap before
{Heap before GC invocations=21 (full 3):
 PSYoungGen      total 225280K, used 225277K [0x00000000e0000000, 0x00000000f3000000, 0x0000000100000000)
  eden space 206848K, 100% used [0x00000000e0000000,0x00000000eca00000,0x00000000eca00000)
  from space 18432K, 99% used [0x00000000eca00000,0x00000000edbff6a8,0x00000000edc00000)
  to   space 34816K, 0% used [0x00000000f0e00000,0x00000000f0e00000,0x00000000f3000000)
 ParOldGen       total 130560K, used 70910K [0x00000000a0000000, 0x00000000a7f80000, 0x00000000e0000000)
  object space 130560K, 54% used [0x00000000a0000000,0x00000000a453fa00,0x00000000a7f80000)
 Metaspace       used 78978K, capacity 81548K, committed 81792K, reserved 1120256K
  class space    used 10303K, capacity 10851K, committed 10880K, reserved 1048576K
Event: 29.493 GC heap after
Heap after GC invocations=21 (full 3):
 PSYoungGen      total 271872K, used 31948K [0x00000000e0000000, 0x00000000f3980000, 0x0000000100000000)
  eden space 237056K, 0% used [0x00000000e0000000,0x00000000e0000000,0x00000000ee780000)
  from space 34816K, 91% used [0x00000000f0e00000,0x00000000f2d330f0,0x00000000f3000000)
  to   space 39424K, 0% used [0x00000000ee780000,0x00000000ee780000,0x00000000f0e00000)
 ParOldGen       total 130560K, used 75404K [0x00000000a0000000, 0x00000000a7f80000, 0x00000000e0000000)
  object space 130560K, 57% used [0x00000000a0000000,0x00000000a49a32e0,0x00000000a7f80000)
 Metaspace       used 78978K, capacity 81548K, committed 81792K, reserved 1120256K
  class space    used 10303K, capacity 10851K, committed 10880K, reserved 1048576K
}

