# JRE version: OpenJDK Runtime Environment (8.0_152-b01) (build 1.8.0_152-release-1248-b01)
# Java VM: OpenJDK 64-Bit Server VM (25.152-b01 mixed mode windows-amd64 compressed oops)
Heap:
 PSYoungGen      total 337920K, used 244108K [0x00000000e0000000, 0x00000000fc880000, 0x0000000100000000)
  eden space 285184K, 67% used [0x00000000e0000000,0x00000000ebaea4c0,0x00000000f1680000)
  from space 52736K, 99% used [0x00000000f1680000,0x00000000f49f8c18,0x00000000f4a00000)
  to   space 67584K, 0% used [0x00000000f8680000,0x00000000f8680000,0x00000000fc880000)
 ParOldGen       total 251904K, used 122387K [0x00000000a0000000, 0x00000000af600000, 0x00000000e0000000)
  object space 251904K, 48% used [0x00000000a0000000,0x00000000a7784c90,0x00000000af600000)
 Metaspace       used 82354K, capacity 85142K, committed 86272K, reserved 1124352K
  class space    used 10689K, capacity 11270K, committed 11520K, reserved 1048576K
GC Heap History (10 events):
Event: 142.592 GC heap before
{Heap before GC invocations=21 (full 3):
 PSYoungGen      total 260608K, used 227282K [0x00000000e0000000, 0x00000000f4980000, 0x0000000100000000)
  eden space 219648K, 100% used [0x00000000e0000000,0x00000000ed680000,0x00000000ed680000)
  from space 40960K, 18% used [0x00000000ed680000,0x00000000eddf4868,0x00000000efe80000)
  to   space 39936K, 0% used [0x00000000f2280000,0x00000000f2280000,0x00000000f4980000)
 ParOldGen       total 129024K, used 97623K [0x00000000a0000000, 0x00000000a7e00000, 0x00000000e0000000)
  object space 129024K, 75% used [0x00000000a0000000,0x00000000a5f55d08,0x00000000a7e00000)
 Metaspace       used 80980K, capacity 84556K, committed 84736K, reserved 1122304K
  class space    used 10775K, capacity 11483K, committed 11520K, reserved 1048576K
Event: 142.653 GC heap after
Heap after GC invocations=21 (full 3):
 PSYoungGen      total 279552K, used 39920K [0x00000000e0000000, 0x00000000f7000000, 0x0000000100000000)
  eden space 239616K, 0% used [0x00000000e0000000,0x00000000e0000000,0x00000000eea00000)
  from space 39936K, 99% used [0x00000000f2280000,0x00000000f497c0c0,0x00000000f4980000)
  to   space 57856K, 0% used [0x00000000eea00000,0x00000000eea00000,0x00000000f2280000)
 ParOldGen       total 129024K, used 127326K [0x00000000a0000000, 0x00000000a7e00000, 0x00000000e0000000)
  object space 129024K, 98% used [0x00000000a0000000,0x00000000a7c57b98,0x00000000a7e00000)
 Metaspace       used 80980K, capacity 84556K, committed 84736K, reserved 1122304K
  class space    used 10775K, capacity 11483K, committed 11520K, reserved 1048576K
}
Event: 142.653 GC heap before
{Heap before GC invocations=22 (full 4):
 PSYoungGen      total 279552K, used 39920K [0x00000000e0000000, 0x00000000f7000000, 0x0000000100000000)
  eden space 239616K, 0% used [0x00000000e0000000,0x00000000e0000000,0x00000000eea00000)
  from space 39936K, 99% used [0x00000000f2280000,0x00000000f497c0c0,0x00000000f4980000)
  to   space 57856K, 0% used [0x00000000eea00000,0x00000000eea00000,0x00000000f2280000)
 ParOldGen       total 129024K, used 127326K [0x00000000a0000000, 0x00000000a7e00000, 0x00000000e0000000)
  object space 129024K, 98% used [0x00000000a0000000,0x00000000a7c57b98,0x00000000a7e00000)
 Metaspace       used 80980K, capacity 84556K, committed 84736K, reserved 1122304K
  class space    used 10775K, capacity 11483K, committed 11520K, reserved 1048576K
Event: 142.972 GC heap after
Heap after GC invocations=22 (full 4):
 PSYoungGen      total 279552K, used 0K [0x00000000e0000000, 0x00000000f7000000, 0x0000000100000000)
  eden space 239616K, 0% used [0x00000000e0000000,0x00000000e0000000,0x00000000eea00000)
  from space 39936K, 0% used [0x00000000f2280000,0x00000000f2280000,0x00000000f4980000)
  to   space 57856K, 0% used [0x00000000eea00000,0x00000000eea00000,0x00000000f2280000)
 ParOldGen       total 251904K, used 105588K [0x00000000a0000000, 0x00000000af600000, 0x00000000e0000000)
  object space 251904K, 41% used [0x00000000a0000000,0x00000000a671d058,0x00000000af600000)
 Metaspace       used 80509K, capacity 83206K, committed 84736K, reserved 1122304K
  class space    used 10614K, capacity 11202K, committed 11520K, reserved 1048576K
}
Event: 2580.141 GC heap before
{Heap before GC invocations=23 (full 4):
 PSYoungGen      total 279552K, used 239616K [0x00000000e0000000, 0x00000000f7000000, 0x0000000100000000)
  eden space 239616K, 100% used [0x00000000e0000000,0x00000000eea00000,0x00000000eea00000)
  from space 39936K, 0% used [0x00000000f2280000,0x00000000f2280000,0x00000000f4980000)
  to   space 57856K, 0% used [0x00000000eea00000,0x00000000eea00000,0x00000000f2280000)
 ParOldGen       total 251904K, used 105588K [0x00000000a0000000, 0x00000000af600000, 0x00000000e0000000)
  object space 251904K, 41% used [0x00000000a0000000,0x00000000a671d058,0x00000000af600000)
 Metaspace       used 81385K, capacity 84088K, committed 85504K, reserved 1124352K
  class space    used 10649K, capacity 11227K, committed 11520K, reserved 1048576K
Event: 2580.447 GC heap after
Heap after GC invocations=23 (full 4):
 PSYoungGen      total 297472K, used 23655K [0x00000000e0000000, 0x00000000f8100000, 0x0000000100000000)
  eden space 239616K, 0% used [0x00000000e0000000,0x00000000e0000000,0x00000000eea00000)
  from space 57856K, 40% used [0x00000000eea00000,0x00000000f0119fb0,0x00000000f2280000)
  to   space 54784K, 0% used [0x00000000f4b80000,0x00000000f4b80000,0x00000000f8100000)
 ParOldGen       total 251904K, used 105596K [0x00000000a0000000, 0x00000000af600000, 0x00000000e0000000)
  object space 251904K, 41% used [0x00000000a0000000,0x00000000a671f058,0x00000000af600000)
 Metaspace       used 81385K, capacity 84088K, committed 85504K, reserved 1124352K
  class space    used 10649K, capacity 11227K, committed 11520K, reserved 1048576K
}
Event: 2582.865 GC heap before
{Heap before GC invocations=24 (full 4):
 PSYoungGen      total 297472K, used 263260K [0x00000000e0000000, 0x00000000f8100000, 0x0000000100000000)
  eden space 239616K, 99% used [0x00000000e0000000,0x00000000ee9fd3c0,0x00000000eea00000)
  from space 57856K, 40% used [0x00000000eea00000,0x00000000f0119fb0,0x00000000f2280000)
  to   space 54784K, 0% used [0x00000000f4b80000,0x00000000f4b80000,0x00000000f8100000)
 ParOldGen       total 251904K, used 105596K [0x00000000a0000000, 0x00000000af600000, 0x00000000e0000000)
  object space 251904K, 41% used [0x00000000a0000000,0x00000000a671f058,0x00000000af600000)
 Metaspace       used 81679K, capacity 84422K, committed 85760K, reserved 1124352K
  class space    used 10656K, capacity 11238K, committed 11520K, reserved 1048576K
Event: 2582.927 GC heap after
Heap after GC invocations=24 (full 4):
 PSYoungGen      total 336384K, used 13242K [0x00000000e0000000, 0x00000000f7d80000, 0x0000000100000000)
  eden space 285184K, 0% used [0x00000000e0000000,0x00000000e0000000,0x00000000f1680000)
  from space 51200K, 25% used [0x00000000f4b80000,0x00000000f586ea78,0x00000000f7d80000)
  to   space 52736K, 0% used [0x00000000f1680000,0x00000000f1680000,0x00000000f4a00000)
 ParOldGen       total 251904K, used 105604K [0x00000000a0000000, 0x00000000af600000, 0x00000000e0000000)
  object space 251904K, 41% used [0x00000000a0000000,0x00000000a6721058,0x00000000af600000)
 Metaspace       used 81679K, capacity 84422K, committed 85760K, reserved 1124352K
  class space    used 10656K, capacity 11238K, committed 11520K, reserved 1048576K
}
Event: 2692.304 GC heap before
{Heap before GC invocations=25 (full 4):
 PSYoungGen      total 336384K, used 298415K [0x00000000e0000000, 0x00000000f7d80000, 0x0000000100000000)
  eden space 285184K, 99% used [0x00000000e0000000,0x00000000f167d1f8,0x00000000f1680000)
  from space 51200K, 25% used [0x00000000f4b80000,0x00000000f586ea78,0x00000000f7d80000)
  to   space 52736K, 0% used [0x00000000f1680000,0x00000000f1680000,0x00000000f4a00000)
 ParOldGen       total 251904K, used 105604K [0x00000000a0000000, 0x00000000af600000, 0x00000000e0000000)
  object space 251904K, 41% used [0x00000000a0000000,0x00000000a6721058,0x00000000af600000)
 Metaspace       used 82232K, capacity 85042K, committed 86272K, reserved 1124352K
  class space    used 10685K, capacity 11264K, committed 11520K, reserved 1048576K
Event: 2692.582 GC heap after
Heap after GC invocations=25 (full 4):
 PSYoungGen      total 337920K, used 52707K [0x00000000e0000000, 0x00000000fc880000, 0x0000000100000000)
  eden space 285184K, 0% used [0x00000000e0000000,0x00000000e0000000,0x00000000f1680000)
  from space 52736K, 99% used [0x00000000f1680000,0x00000000f49f8c18,0x00000000f4a00000)
  to   space 67584K, 0% used [0x00000000f8680000,0x00000000f8680000,0x00000000fc880000)
 ParOldGen       total 251904K, used 122387K [0x00000000a0000000, 0x00000000af600000, 0x00000000e0000000)
  object space 251904K, 48% used [0x00000000a0000000,0x00000000a7784c90,0x00000000af600000)
 Metaspace       used 82232K, capacity 85042K, committed 86272K, reserved 1124352K
  class space    used 10685K, capacity 11264K, committed 11520K, reserved 1048576K
}

